\BOOKMARK [0][-]{chapter.1}{Introduction}{}% 1
\BOOKMARK [1][-]{section.1.1}{Project Goals}{chapter.1}% 2
\BOOKMARK [1][-]{section.1.2}{Technologies}{chapter.1}% 3
\BOOKMARK [0][-]{chapter.2}{System Diagrams}{}% 4
\BOOKMARK [1][-]{section.2.1}{GNU/Linux Operating System on Host ARM Processor}{chapter.2}% 5
\BOOKMARK [0][-]{chapter.3}{Ecmascript 6}{}% 6
\BOOKMARK [1][-]{subsection.3.0.1}{class}{chapter.3}% 7
\BOOKMARK [2][-]{subsection.3.0.2}{Map}{subsection.3.0.1}% 8
\BOOKMARK [2][-]{subsection.3.0.3}{Arrow Function}{subsection.3.0.1}% 9
\BOOKMARK [2][-]{subsection.3.0.4}{Proxy}{subsection.3.0.1}% 10
\BOOKMARK [2][-]{subsection.3.0.5}{const and let}{subsection.3.0.1}% 11
\BOOKMARK [0][-]{chapter.4}{GPIO Control with sysfs Virtual File System}{}% 12
\BOOKMARK [1][-]{section.4.1}{PID Firmware in PRU0: Digital Feedback Loop \(PRU\137PID\1370.c\)}{chapter.4}% 13
\BOOKMARK [1][-]{section.4.2}{The Firmware in PRU1: PID Control \(PRU\137IO\1371.c\)}{chapter.4}% 14
\BOOKMARK [1][-]{section.4.3}{Quadrature Decoder Tuning}{chapter.4}% 15
\BOOKMARK [2][-]{subsection.4.3.1}{Original Quadrature Decoder/Encoder Parameters}{section.4.3}% 16
\BOOKMARK [2][-]{subsection.4.3.2}{Modified Quadrature Decoder/Encoder Parameters}{section.4.3}% 17
\BOOKMARK [0][-]{chapter.5}{Solid State AC Relays}{}% 18
\BOOKMARK [0][-]{chapter.6}{Configuration of the Beagle Bone Green Wireless}{}% 19
\BOOKMARK [0][-]{chapter.7}{Device Tree Requirements}{}% 20
\BOOKMARK [0][-]{chapter.8}{Running the Project}{}% 21
\BOOKMARK [1][-]{section.8.1}{User-space Program prumsg Command Listing}{chapter.8}% 22
\BOOKMARK [1][-]{section.8.2}{Server and GUI Interface from TI Project}{chapter.8}% 23
\BOOKMARK [0][-]{chapter.9}{Resources}{}% 24
\BOOKMARK [1][-]{section.9.1}{Github repository for this project}{chapter.9}% 25
\BOOKMARK [1][-]{section.9.2}{Beagle Bone Green Wireless}{chapter.9}% 26
\BOOKMARK [1][-]{section.9.3}{The PRU GPIO Spreadsheet}{chapter.9}% 27
